<?xml version="1.0" encoding="UTF-8"?>
<!-- Generated by org.testng.reporters.JUnitXMLReporter -->
<testsuite ignored="0" hostname="Arrow" failures="0" tests="0" name="Test" time="0.274" errors="0" timestamp="2023-09-21T20:58:33 IST">
  <testcase classname="io.cucumber.testng.AbstractTestNGCucumberTests" name="@BeforeClass setUpClass" time="0.139">
    <failure type="java.lang.IllegalArgumentException" message=" is not valid. Try &amp;lt;uri or path&amp;gt;/&amp;lt;name&amp;gt;.feature[:LINE]*">
      <![CDATA[java.lang.IllegalArgumentException:  is not valid. Try <uri or path>/<name>.feature[:LINE]*
at io.cucumber.core.feature.FeatureWithLines.parse(FeatureWithLines.java:46)
at io.cucumber.core.options.FeatureWithLinesOrRerunPath.parse(FeatureWithLinesOrRerunPath.java:50)
at io.cucumber.core.options.CucumberOptionsAnnotationParser.addFeatures(CucumberOptionsAnnotationParser.java:133)
at io.cucumber.core.options.CucumberOptionsAnnotationParser.parse(CucumberOptionsAnnotationParser.java:44)
at io.cucumber.testng.TestNGCucumberRunner.<init>(TestNGCucumberRunner.java:85)
at io.cucumber.testng.AbstractTestNGCucumberTests.setUpClass(AbstractTestNGCucumberTests.java:27)
at java.base/java.util.ArrayList.forEach(ArrayList.java:1511)
Caused by: java.lang.IllegalArgumentException: featureIdentifier may not be empty
at io.cucumber.core.feature.FeaturePath.parse(FeaturePath.java:37)
at io.cucumber.core.feature.FeatureWithLines.parseFeaturePath(FeatureWithLines.java:62)
at io.cucumber.core.feature.FeatureWithLines.parse(FeatureWithLines.java:43)
... 31 more
... Removed 25 stack frames]]>
    </failure>
  </testcase> <!-- @BeforeClass setUpClass -->
</testsuite> <!-- Test -->
