<?xml version="1.0" encoding="UTF-8"?>
<testng-results ignored="0" total="1" passed="1" failed="0" skipped="0">
  <reporter-output>
  </reporter-output>
  <suite started-at="2023-09-12T02:11:42 IST" name="Suite" finished-at="2023-09-12T02:12:04 IST" duration-ms="22696">
    <groups>
      <group name="cucumber">
        <method signature="AbstractTestNGCucumberTests.runScenario(io.cucumber.testng.PickleWrapper,io.cucumber.testng.FeatureWrapper)[pri:0, instance:com.runner.TestRunner@3e34ace1]" name="runScenario" class="io.cucumber.testng.AbstractTestNGCucumberTests"/>
      </group> <!-- cucumber -->
    </groups>
    <test started-at="2023-09-12T02:11:42 IST" name="Test" finished-at="2023-09-12T02:12:04 IST" duration-ms="22696">
      <class name="com.runner.TestRunner">
        <test-method is-config="true" signature="setUpClass(org.testng.ITestContext)[pri:0, instance:com.runner.TestRunner@3e34ace1]" started-at="2023-09-12T02:11:42 IST" name="setUpClass" finished-at="2023-09-12T02:11:54 IST" duration-ms="12191" status="PASS">
          <params>
            <param index="0">
              <value>
                <![CDATA[org.testng.TestRunner@25bc65ab]]>
              </value>
            </param>
          </params>
          <reporter-output>
          </reporter-output>
        </test-method> <!-- setUpClass -->
        <test-method signature="runScenario(io.cucumber.testng.PickleWrapper,io.cucumber.testng.FeatureWrapper)[pri:0, instance:com.runner.TestRunner@3e34ace1]" started-at="2023-09-12T02:11:54 IST" name="runScenario" description="Runs Cucumber Scenarios" data-provider="scenarios" finished-at="2023-09-12T02:12:01 IST" duration-ms="7518" status="PASS">
          <params>
            <param index="0">
              <value>
                <![CDATA["Validating One way"]]>
              </value>
            </param>
            <param index="1">
              <value>
                <![CDATA["Validating One way and Round Trip Functionality"]]>
              </value>
            </param>
          </params>
          <reporter-output>
          </reporter-output>
        </test-method> <!-- runScenario -->
        <test-method is-config="true" signature="tearDownClass()[pri:0, instance:com.runner.TestRunner@3e34ace1]" started-at="2023-09-12T02:12:01 IST" name="tearDownClass" finished-at="2023-09-12T02:12:04 IST" duration-ms="2887" status="PASS">
          <reporter-output>
          </reporter-output>
        </test-method> <!-- tearDownClass -->
      </class> <!-- com.runner.TestRunner -->
    </test> <!-- Test -->
  </suite> <!-- Suite -->
</testng-results>
