<?xml version="1.0" encoding="UTF-8"?>
<!-- Generated by org.testng.reporters.JUnitReportReporter -->
<testsuite hostname="GMHPL045" failures="0" tests="3" name="com.runner.TestRunner" time="12.906" errors="0" timestamp="2023-09-09T15:24:57 IST" skipped="0">
  <testcase classname="com.runner.TestRunner" name="runScenario" time="5.200"/>
  <testcase classname="com.runner.TestRunner" name="runScenario" time="3.077"/>
  <testcase classname="com.runner.TestRunner" name="runScenario" time="4.629"/>
</testsuite> <!-- com.runner.TestRunner -->
