<?xml version="1.0" encoding="UTF-8"?>
<!-- Generated by org.testng.reporters.JUnitReportReporter -->
<testsuite hostname="Arrow" failures="0" tests="1" name="com.runner.TestRunner" time="0.734" errors="1" timestamp="2023-09-22T23:58:00 IST" skipped="0">
  <testcase classname="com.runner.TestRunner" name="runScenario" time="0.734">
    <error message="Cannot invoke &quot;com.spicejet.po_manager.PageObjectManager.getHomePage()&quot; because &quot;com.stepdefinitions.signup.Signup_With_ValidCredentials.pageObjectManager&quot; is null" type="java.lang.NullPointerException">
      <![CDATA[java.lang.NullPointerException: Cannot invoke "com.spicejet.po_manager.PageObjectManager.getHomePage()" because "com.stepdefinitions.signup.Signup_With_ValidCredentials.pageObjectManager" is null
at com.stepdefinitions.signup.Signup_With_ValidCredentials.user_must_click_the_sign_up_button(Signup_With_ValidCredentials.java:22)
at ✽.User Must Click The SignUp button(file:///C:/Users/Flash/eclipse-workspace/Spicejet/features/Signup.feature:5)
]]>
    </error>
  </testcase> <!-- runScenario -->
</testsuite> <!-- com.runner.TestRunner -->
